<?xml version="1.0" encoding="UTF-8"?>
<testng-results skipped="0" failed="0" ignored="0" total="1" passed="1">
  <reporter-output>
  </reporter-output>
  <suite name="Default suite" duration-ms="15765" started-at="2020-06-24T04:20:07Z" finished-at="2020-06-24T04:20:23Z">
    <groups>
    </groups>
    <test name="Default test" duration-ms="15765" started-at="2020-06-24T04:20:07Z" finished-at="2020-06-24T04:20:23Z">
      <class name="test.ExamTest_8">
        <test-method status="PASS" signature="SetSkyWhiteeBackgroundbutton()[pri:0, instance:test.ExamTest_8@1e67a849]" name="SetSkyWhiteeBackgroundbutton" duration-ms="15683" started-at="2020-06-24T00:20:07Z" finished-at="2020-06-24T00:20:23Z">
          <reporter-output>
          </reporter-output>
        </test-method> <!-- SetSkyWhiteeBackgroundbutton -->
      </class> <!-- test.ExamTest_8 -->
    </test> <!-- Default test -->
  </suite> <!-- Default suite -->
</testng-results>
